D:\WORKSPACE\VISUAL STUDIO\C++\POLYU-ENG2002-MINI-PROJECT\MAIN\CALENDER\CALENDER\DEBUG\.NETFRAMEWORK,VERSION=V4.0.ASSEMBLYATTRIBUTES.OBJ
D:\WORKSPACE\VISUAL STUDIO\C++\POLYU-ENG2002-MINI-PROJECT\MAIN\CALENDER\CALENDER\DEBUG\APP.RES
D:\WORKSPACE\VISUAL STUDIO\C++\POLYU-ENG2002-MINI-PROJECT\MAIN\CALENDER\CALENDER\DEBUG\ASSEMBLYINFO.OBJ
D:\WORKSPACE\VISUAL STUDIO\C++\POLYU-ENG2002-MINI-PROJECT\MAIN\CALENDER\CALENDER\DEBUG\CALENDAR.EXE.INTERMEDIATE.MANIFEST
D:\WORKSPACE\VISUAL STUDIO\C++\POLYU-ENG2002-MINI-PROJECT\MAIN\CALENDER\CALENDER\DEBUG\CALENDAR.OBJ
D:\WORKSPACE\VISUAL STUDIO\C++\POLYU-ENG2002-MINI-PROJECT\MAIN\CALENDER\CALENDER\DEBUG\CALENDAR.PCH
D:\WORKSPACE\VISUAL STUDIO\C++\POLYU-ENG2002-MINI-PROJECT\MAIN\CALENDER\CALENDER\DEBUG\CALENDARCORE.OBJ
D:\WORKSPACE\VISUAL STUDIO\C++\POLYU-ENG2002-MINI-PROJECT\MAIN\CALENDER\CALENDER\DEBUG\LOGIN_FORM.OBJ
D:\WORKSPACE\VISUAL STUDIO\C++\POLYU-ENG2002-MINI-PROJECT\MAIN\CALENDER\CALENDER\DEBUG\REGISTRATION_FORM.OBJ
D:\WORKSPACE\VISUAL STUDIO\C++\POLYU-ENG2002-MINI-PROJECT\MAIN\CALENDER\CALENDER\DEBUG\STDAFX.OBJ
D:\WORKSPACE\VISUAL STUDIO\C++\POLYU-ENG2002-MINI-PROJECT\MAIN\CALENDER\CALENDER\DEBUG\VC100.PDB
D:\WORKSPACE\VISUAL STUDIO\C++\POLYU-ENG2002-MINI-PROJECT\MAIN\CALENDER\DEBUG\CALENDAR.EXE
D:\WORKSPACE\VISUAL STUDIO\C++\POLYU-ENG2002-MINI-PROJECT\MAIN\CALENDER\DEBUG\CALENDAR.ILK
D:\WORKSPACE\VISUAL STUDIO\C++\POLYU-ENG2002-MINI-PROJECT\MAIN\CALENDER\DEBUG\CALENDAR.PDB
T:\workspace\Visual Studio\C++\PolyU-ENG2002-Mini-Project\main\Calender\Calender\Debug\.NETFramework,Version=v4.0.AssemblyAttributes.obj
T:\WORKSPACE\VISUAL STUDIO\C++\POLYU-ENG2002-MINI-PROJECT\MAIN\CALENDER\CALENDER\DEBUG\APP.RES
T:\WORKSPACE\VISUAL STUDIO\C++\POLYU-ENG2002-MINI-PROJECT\MAIN\CALENDER\CALENDER\DEBUG\ASSEMBLYINFO.OBJ
T:\WORKSPACE\VISUAL STUDIO\C++\POLYU-ENG2002-MINI-PROJECT\MAIN\CALENDER\CALENDER\DEBUG\CALENDAR.EXE.INTERMEDIATE.MANIFEST
T:\WORKSPACE\VISUAL STUDIO\C++\POLYU-ENG2002-MINI-PROJECT\MAIN\CALENDER\CALENDER\DEBUG\CALENDAR.OBJ
T:\WORKSPACE\VISUAL STUDIO\C++\POLYU-ENG2002-MINI-PROJECT\MAIN\CALENDER\CALENDER\DEBUG\CALENDAR.PCH
T:\workspace\Visual Studio\C++\PolyU-ENG2002-Mini-Project\main\Calender\Calender\Debug\Calendar.write.1.tlog
T:\workspace\Visual Studio\C++\PolyU-ENG2002-Mini-Project\main\Calender\Calender\Debug\CalendarCore.obj
T:\workspace\Visual Studio\C++\PolyU-ENG2002-Mini-Project\main\Calender\Calender\Debug\Calender.Form1.resources
T:\workspace\Visual Studio\C++\PolyU-ENG2002-Mini-Project\main\Calender\Calender\Debug\Calender.login_form.resources
T:\workspace\Visual Studio\C++\PolyU-ENG2002-Mini-Project\main\Calender\Calender\Debug\Calender.registration_form.resources
T:\workspace\Visual Studio\C++\PolyU-ENG2002-Mini-Project\main\Calender\Calender\Debug\Calender.vcxproj.GenerateResource.Cache
T:\workspace\Visual Studio\C++\PolyU-ENG2002-Mini-Project\main\Calender\Calender\Debug\Calender.vcxprojResolveAssemblyReference.cache
T:\workspace\Visual Studio\C++\PolyU-ENG2002-Mini-Project\main\Calender\Calender\Debug\cl.command.1.tlog
T:\workspace\Visual Studio\C++\PolyU-ENG2002-Mini-Project\main\Calender\Calender\Debug\cl.read.1.tlog
T:\workspace\Visual Studio\C++\PolyU-ENG2002-Mini-Project\main\Calender\Calender\Debug\cl.write.1.tlog
T:\workspace\Visual Studio\C++\PolyU-ENG2002-Mini-Project\main\Calender\Calender\Debug\link.1072.read.1.tlog
T:\workspace\Visual Studio\C++\PolyU-ENG2002-Mini-Project\main\Calender\Calender\Debug\link.1072.write.1.tlog
T:\workspace\Visual Studio\C++\PolyU-ENG2002-Mini-Project\main\Calender\Calender\Debug\link.1072-cvtres.read.1.tlog
T:\workspace\Visual Studio\C++\PolyU-ENG2002-Mini-Project\main\Calender\Calender\Debug\link.1072-cvtres.write.1.tlog
T:\workspace\Visual Studio\C++\PolyU-ENG2002-Mini-Project\main\Calender\Calender\Debug\link.1244.read.1.tlog
T:\workspace\Visual Studio\C++\PolyU-ENG2002-Mini-Project\main\Calender\Calender\Debug\link.1244.write.1.tlog
T:\workspace\Visual Studio\C++\PolyU-ENG2002-Mini-Project\main\Calender\Calender\Debug\link.1244-cvtres.read.1.tlog
T:\workspace\Visual Studio\C++\PolyU-ENG2002-Mini-Project\main\Calender\Calender\Debug\link.1244-cvtres.write.1.tlog
T:\workspace\Visual Studio\C++\PolyU-ENG2002-Mini-Project\main\Calender\Calender\Debug\link.1400.read.1.tlog
T:\workspace\Visual Studio\C++\PolyU-ENG2002-Mini-Project\main\Calender\Calender\Debug\link.1400.write.1.tlog
T:\workspace\Visual Studio\C++\PolyU-ENG2002-Mini-Project\main\Calender\Calender\Debug\link.1400-cvtres.read.1.tlog
T:\workspace\Visual Studio\C++\PolyU-ENG2002-Mini-Project\main\Calender\Calender\Debug\link.1400-cvtres.write.1.tlog
T:\workspace\Visual Studio\C++\PolyU-ENG2002-Mini-Project\main\Calender\Calender\Debug\link.1456.read.1.tlog
T:\workspace\Visual Studio\C++\PolyU-ENG2002-Mini-Project\main\Calender\Calender\Debug\link.1456.write.1.tlog
T:\workspace\Visual Studio\C++\PolyU-ENG2002-Mini-Project\main\Calender\Calender\Debug\link.1456-cvtres.read.1.tlog
T:\workspace\Visual Studio\C++\PolyU-ENG2002-Mini-Project\main\Calender\Calender\Debug\link.1456-cvtres.write.1.tlog
T:\workspace\Visual Studio\C++\PolyU-ENG2002-Mini-Project\main\Calender\Calender\Debug\link.1496.read.1.tlog
T:\workspace\Visual Studio\C++\PolyU-ENG2002-Mini-Project\main\Calender\Calender\Debug\link.1496.write.1.tlog
T:\workspace\Visual Studio\C++\PolyU-ENG2002-Mini-Project\main\Calender\Calender\Debug\link.1496-cvtres.read.1.tlog
T:\workspace\Visual Studio\C++\PolyU-ENG2002-Mini-Project\main\Calender\Calender\Debug\link.1496-cvtres.write.1.tlog
T:\workspace\Visual Studio\C++\PolyU-ENG2002-Mini-Project\main\Calender\Calender\Debug\link.1540.read.1.tlog
T:\workspace\Visual Studio\C++\PolyU-ENG2002-Mini-Project\main\Calender\Calender\Debug\link.1540.write.1.tlog
T:\workspace\Visual Studio\C++\PolyU-ENG2002-Mini-Project\main\Calender\Calender\Debug\link.1540-cvtres.read.1.tlog
T:\workspace\Visual Studio\C++\PolyU-ENG2002-Mini-Project\main\Calender\Calender\Debug\link.1540-cvtres.write.1.tlog
T:\workspace\Visual Studio\C++\PolyU-ENG2002-Mini-Project\main\Calender\Calender\Debug\link.1680.read.1.tlog
T:\workspace\Visual Studio\C++\PolyU-ENG2002-Mini-Project\main\Calender\Calender\Debug\link.1680.write.1.tlog
T:\workspace\Visual Studio\C++\PolyU-ENG2002-Mini-Project\main\Calender\Calender\Debug\link.1680-cvtres.read.1.tlog
T:\workspace\Visual Studio\C++\PolyU-ENG2002-Mini-Project\main\Calender\Calender\Debug\link.1680-cvtres.write.1.tlog
T:\workspace\Visual Studio\C++\PolyU-ENG2002-Mini-Project\main\Calender\Calender\Debug\link.1788.read.1.tlog
T:\workspace\Visual Studio\C++\PolyU-ENG2002-Mini-Project\main\Calender\Calender\Debug\link.1788.write.1.tlog
T:\workspace\Visual Studio\C++\PolyU-ENG2002-Mini-Project\main\Calender\Calender\Debug\link.1788-cvtres.read.1.tlog
T:\workspace\Visual Studio\C++\PolyU-ENG2002-Mini-Project\main\Calender\Calender\Debug\link.1788-cvtres.write.1.tlog
T:\workspace\Visual Studio\C++\PolyU-ENG2002-Mini-Project\main\Calender\Calender\Debug\link.1812.read.1.tlog
T:\workspace\Visual Studio\C++\PolyU-ENG2002-Mini-Project\main\Calender\Calender\Debug\link.1812.write.1.tlog
T:\workspace\Visual Studio\C++\PolyU-ENG2002-Mini-Project\main\Calender\Calender\Debug\link.1812-cvtres.read.1.tlog
T:\workspace\Visual Studio\C++\PolyU-ENG2002-Mini-Project\main\Calender\Calender\Debug\link.1812-cvtres.write.1.tlog
T:\workspace\Visual Studio\C++\PolyU-ENG2002-Mini-Project\main\Calender\Calender\Debug\link.1816.read.1.tlog
T:\workspace\Visual Studio\C++\PolyU-ENG2002-Mini-Project\main\Calender\Calender\Debug\link.1816.write.1.tlog
T:\workspace\Visual Studio\C++\PolyU-ENG2002-Mini-Project\main\Calender\Calender\Debug\link.1816-cvtres.read.1.tlog
T:\workspace\Visual Studio\C++\PolyU-ENG2002-Mini-Project\main\Calender\Calender\Debug\link.1816-cvtres.write.1.tlog
T:\workspace\Visual Studio\C++\PolyU-ENG2002-Mini-Project\main\Calender\Calender\Debug\link.2004.read.1.tlog
T:\workspace\Visual Studio\C++\PolyU-ENG2002-Mini-Project\main\Calender\Calender\Debug\link.2004.write.1.tlog
T:\workspace\Visual Studio\C++\PolyU-ENG2002-Mini-Project\main\Calender\Calender\Debug\link.2004-cvtres.read.1.tlog
T:\workspace\Visual Studio\C++\PolyU-ENG2002-Mini-Project\main\Calender\Calender\Debug\link.2004-cvtres.write.1.tlog
T:\workspace\Visual Studio\C++\PolyU-ENG2002-Mini-Project\main\Calender\Calender\Debug\link.2116.read.1.tlog
T:\workspace\Visual Studio\C++\PolyU-ENG2002-Mini-Project\main\Calender\Calender\Debug\link.2116.write.1.tlog
T:\workspace\Visual Studio\C++\PolyU-ENG2002-Mini-Project\main\Calender\Calender\Debug\link.2116-cvtres.read.1.tlog
T:\workspace\Visual Studio\C++\PolyU-ENG2002-Mini-Project\main\Calender\Calender\Debug\link.2116-cvtres.write.1.tlog
T:\workspace\Visual Studio\C++\PolyU-ENG2002-Mini-Project\main\Calender\Calender\Debug\link.2132.read.1.tlog
T:\workspace\Visual Studio\C++\PolyU-ENG2002-Mini-Project\main\Calender\Calender\Debug\link.2132.write.1.tlog
T:\workspace\Visual Studio\C++\PolyU-ENG2002-Mini-Project\main\Calender\Calender\Debug\link.2132-cvtres.read.1.tlog
T:\workspace\Visual Studio\C++\PolyU-ENG2002-Mini-Project\main\Calender\Calender\Debug\link.2132-cvtres.write.1.tlog
T:\workspace\Visual Studio\C++\PolyU-ENG2002-Mini-Project\main\Calender\Calender\Debug\link.2196.read.1.tlog
T:\workspace\Visual Studio\C++\PolyU-ENG2002-Mini-Project\main\Calender\Calender\Debug\link.2196.write.1.tlog
T:\workspace\Visual Studio\C++\PolyU-ENG2002-Mini-Project\main\Calender\Calender\Debug\link.2196-cvtres.read.1.tlog
T:\workspace\Visual Studio\C++\PolyU-ENG2002-Mini-Project\main\Calender\Calender\Debug\link.2196-cvtres.write.1.tlog
T:\workspace\Visual Studio\C++\PolyU-ENG2002-Mini-Project\main\Calender\Calender\Debug\link.220.read.1.tlog
T:\workspace\Visual Studio\C++\PolyU-ENG2002-Mini-Project\main\Calender\Calender\Debug\link.220.write.1.tlog
T:\workspace\Visual Studio\C++\PolyU-ENG2002-Mini-Project\main\Calender\Calender\Debug\link.220-cvtres.read.1.tlog
T:\workspace\Visual Studio\C++\PolyU-ENG2002-Mini-Project\main\Calender\Calender\Debug\link.220-cvtres.write.1.tlog
T:\workspace\Visual Studio\C++\PolyU-ENG2002-Mini-Project\main\Calender\Calender\Debug\link.2216.read.1.tlog
T:\workspace\Visual Studio\C++\PolyU-ENG2002-Mini-Project\main\Calender\Calender\Debug\link.2216.write.1.tlog
T:\workspace\Visual Studio\C++\PolyU-ENG2002-Mini-Project\main\Calender\Calender\Debug\link.2216-cvtres.read.1.tlog
T:\workspace\Visual Studio\C++\PolyU-ENG2002-Mini-Project\main\Calender\Calender\Debug\link.2216-cvtres.write.1.tlog
T:\workspace\Visual Studio\C++\PolyU-ENG2002-Mini-Project\main\Calender\Calender\Debug\link.2292.read.1.tlog
T:\workspace\Visual Studio\C++\PolyU-ENG2002-Mini-Project\main\Calender\Calender\Debug\link.2292.write.1.tlog
T:\workspace\Visual Studio\C++\PolyU-ENG2002-Mini-Project\main\Calender\Calender\Debug\link.2292-cvtres.read.1.tlog
T:\workspace\Visual Studio\C++\PolyU-ENG2002-Mini-Project\main\Calender\Calender\Debug\link.2292-cvtres.write.1.tlog
T:\workspace\Visual Studio\C++\PolyU-ENG2002-Mini-Project\main\Calender\Calender\Debug\link.2356.read.1.tlog
T:\workspace\Visual Studio\C++\PolyU-ENG2002-Mini-Project\main\Calender\Calender\Debug\link.2356.write.1.tlog
T:\workspace\Visual Studio\C++\PolyU-ENG2002-Mini-Project\main\Calender\Calender\Debug\link.2356-cvtres.read.1.tlog
T:\workspace\Visual Studio\C++\PolyU-ENG2002-Mini-Project\main\Calender\Calender\Debug\link.2356-cvtres.write.1.tlog
T:\workspace\Visual Studio\C++\PolyU-ENG2002-Mini-Project\main\Calender\Calender\Debug\link.2612.read.1.tlog
T:\workspace\Visual Studio\C++\PolyU-ENG2002-Mini-Project\main\Calender\Calender\Debug\link.2612.write.1.tlog
T:\workspace\Visual Studio\C++\PolyU-ENG2002-Mini-Project\main\Calender\Calender\Debug\link.2612-cvtres.read.1.tlog
T:\workspace\Visual Studio\C++\PolyU-ENG2002-Mini-Project\main\Calender\Calender\Debug\link.2612-cvtres.write.1.tlog
T:\workspace\Visual Studio\C++\PolyU-ENG2002-Mini-Project\main\Calender\Calender\Debug\link.2776.read.1.tlog
T:\workspace\Visual Studio\C++\PolyU-ENG2002-Mini-Project\main\Calender\Calender\Debug\link.2776.write.1.tlog
T:\workspace\Visual Studio\C++\PolyU-ENG2002-Mini-Project\main\Calender\Calender\Debug\link.2776-cvtres.read.1.tlog
T:\workspace\Visual Studio\C++\PolyU-ENG2002-Mini-Project\main\Calender\Calender\Debug\link.2776-cvtres.write.1.tlog
T:\workspace\Visual Studio\C++\PolyU-ENG2002-Mini-Project\main\Calender\Calender\Debug\link.2888.read.1.tlog
T:\workspace\Visual Studio\C++\PolyU-ENG2002-Mini-Project\main\Calender\Calender\Debug\link.2888.write.1.tlog
T:\workspace\Visual Studio\C++\PolyU-ENG2002-Mini-Project\main\Calender\Calender\Debug\link.2888-cvtres.read.1.tlog
T:\workspace\Visual Studio\C++\PolyU-ENG2002-Mini-Project\main\Calender\Calender\Debug\link.2888-cvtres.write.1.tlog
T:\workspace\Visual Studio\C++\PolyU-ENG2002-Mini-Project\main\Calender\Calender\Debug\link.2932.read.1.tlog
T:\workspace\Visual Studio\C++\PolyU-ENG2002-Mini-Project\main\Calender\Calender\Debug\link.2932.write.1.tlog
T:\workspace\Visual Studio\C++\PolyU-ENG2002-Mini-Project\main\Calender\Calender\Debug\link.2932-cvtres.read.1.tlog
T:\workspace\Visual Studio\C++\PolyU-ENG2002-Mini-Project\main\Calender\Calender\Debug\link.2932-cvtres.write.1.tlog
T:\workspace\Visual Studio\C++\PolyU-ENG2002-Mini-Project\main\Calender\Calender\Debug\link.2984.read.1.tlog
T:\workspace\Visual Studio\C++\PolyU-ENG2002-Mini-Project\main\Calender\Calender\Debug\link.2984.write.1.tlog
T:\workspace\Visual Studio\C++\PolyU-ENG2002-Mini-Project\main\Calender\Calender\Debug\link.2984-cvtres.read.1.tlog
T:\workspace\Visual Studio\C++\PolyU-ENG2002-Mini-Project\main\Calender\Calender\Debug\link.2984-cvtres.write.1.tlog
T:\workspace\Visual Studio\C++\PolyU-ENG2002-Mini-Project\main\Calender\Calender\Debug\link.3088.read.1.tlog
T:\workspace\Visual Studio\C++\PolyU-ENG2002-Mini-Project\main\Calender\Calender\Debug\link.3088.write.1.tlog
T:\workspace\Visual Studio\C++\PolyU-ENG2002-Mini-Project\main\Calender\Calender\Debug\link.3088-cvtres.read.1.tlog
T:\workspace\Visual Studio\C++\PolyU-ENG2002-Mini-Project\main\Calender\Calender\Debug\link.3088-cvtres.write.1.tlog
T:\workspace\Visual Studio\C++\PolyU-ENG2002-Mini-Project\main\Calender\Calender\Debug\link.3192.read.1.tlog
T:\workspace\Visual Studio\C++\PolyU-ENG2002-Mini-Project\main\Calender\Calender\Debug\link.3192.write.1.tlog
T:\workspace\Visual Studio\C++\PolyU-ENG2002-Mini-Project\main\Calender\Calender\Debug\link.3192-cvtres.read.1.tlog
T:\workspace\Visual Studio\C++\PolyU-ENG2002-Mini-Project\main\Calender\Calender\Debug\link.3192-cvtres.write.1.tlog
T:\workspace\Visual Studio\C++\PolyU-ENG2002-Mini-Project\main\Calender\Calender\Debug\link.3196.read.1.tlog
T:\workspace\Visual Studio\C++\PolyU-ENG2002-Mini-Project\main\Calender\Calender\Debug\link.3196.write.1.tlog
T:\workspace\Visual Studio\C++\PolyU-ENG2002-Mini-Project\main\Calender\Calender\Debug\link.3196-cvtres.read.1.tlog
T:\workspace\Visual Studio\C++\PolyU-ENG2002-Mini-Project\main\Calender\Calender\Debug\link.3196-cvtres.write.1.tlog
T:\workspace\Visual Studio\C++\PolyU-ENG2002-Mini-Project\main\Calender\Calender\Debug\link.3200.read.1.tlog
T:\workspace\Visual Studio\C++\PolyU-ENG2002-Mini-Project\main\Calender\Calender\Debug\link.3200.write.1.tlog
T:\workspace\Visual Studio\C++\PolyU-ENG2002-Mini-Project\main\Calender\Calender\Debug\link.3200-cvtres.read.1.tlog
T:\workspace\Visual Studio\C++\PolyU-ENG2002-Mini-Project\main\Calender\Calender\Debug\link.3200-cvtres.write.1.tlog
T:\workspace\Visual Studio\C++\PolyU-ENG2002-Mini-Project\main\Calender\Calender\Debug\link.3216.read.1.tlog
T:\workspace\Visual Studio\C++\PolyU-ENG2002-Mini-Project\main\Calender\Calender\Debug\link.3216.write.1.tlog
T:\workspace\Visual Studio\C++\PolyU-ENG2002-Mini-Project\main\Calender\Calender\Debug\link.3216-cvtres.read.1.tlog
T:\workspace\Visual Studio\C++\PolyU-ENG2002-Mini-Project\main\Calender\Calender\Debug\link.3216-cvtres.write.1.tlog
T:\workspace\Visual Studio\C++\PolyU-ENG2002-Mini-Project\main\Calender\Calender\Debug\link.3220.read.1.tlog
T:\workspace\Visual Studio\C++\PolyU-ENG2002-Mini-Project\main\Calender\Calender\Debug\link.3220.write.1.tlog
T:\workspace\Visual Studio\C++\PolyU-ENG2002-Mini-Project\main\Calender\Calender\Debug\link.3220-cvtres.read.1.tlog
T:\workspace\Visual Studio\C++\PolyU-ENG2002-Mini-Project\main\Calender\Calender\Debug\link.3220-cvtres.write.1.tlog
T:\workspace\Visual Studio\C++\PolyU-ENG2002-Mini-Project\main\Calender\Calender\Debug\link.3256.read.1.tlog
T:\workspace\Visual Studio\C++\PolyU-ENG2002-Mini-Project\main\Calender\Calender\Debug\link.3256.write.1.tlog
T:\workspace\Visual Studio\C++\PolyU-ENG2002-Mini-Project\main\Calender\Calender\Debug\link.3256-cvtres.read.1.tlog
T:\workspace\Visual Studio\C++\PolyU-ENG2002-Mini-Project\main\Calender\Calender\Debug\link.3256-cvtres.write.1.tlog
T:\workspace\Visual Studio\C++\PolyU-ENG2002-Mini-Project\main\Calender\Calender\Debug\link.3304.read.1.tlog
T:\workspace\Visual Studio\C++\PolyU-ENG2002-Mini-Project\main\Calender\Calender\Debug\link.3304.write.1.tlog
T:\workspace\Visual Studio\C++\PolyU-ENG2002-Mini-Project\main\Calender\Calender\Debug\link.3304-cvtres.read.1.tlog
T:\workspace\Visual Studio\C++\PolyU-ENG2002-Mini-Project\main\Calender\Calender\Debug\link.3304-cvtres.write.1.tlog
T:\workspace\Visual Studio\C++\PolyU-ENG2002-Mini-Project\main\Calender\Calender\Debug\link.3328.read.1.tlog
T:\workspace\Visual Studio\C++\PolyU-ENG2002-Mini-Project\main\Calender\Calender\Debug\link.3328.write.1.tlog
T:\workspace\Visual Studio\C++\PolyU-ENG2002-Mini-Project\main\Calender\Calender\Debug\link.3328-cvtres.read.1.tlog
T:\workspace\Visual Studio\C++\PolyU-ENG2002-Mini-Project\main\Calender\Calender\Debug\link.3328-cvtres.write.1.tlog
T:\workspace\Visual Studio\C++\PolyU-ENG2002-Mini-Project\main\Calender\Calender\Debug\link.3356.read.1.tlog
T:\workspace\Visual Studio\C++\PolyU-ENG2002-Mini-Project\main\Calender\Calender\Debug\link.3356.write.1.tlog
T:\workspace\Visual Studio\C++\PolyU-ENG2002-Mini-Project\main\Calender\Calender\Debug\link.3356-cvtres.read.1.tlog
T:\workspace\Visual Studio\C++\PolyU-ENG2002-Mini-Project\main\Calender\Calender\Debug\link.3356-cvtres.write.1.tlog
T:\workspace\Visual Studio\C++\PolyU-ENG2002-Mini-Project\main\Calender\Calender\Debug\link.3368.read.1.tlog
T:\workspace\Visual Studio\C++\PolyU-ENG2002-Mini-Project\main\Calender\Calender\Debug\link.3368.write.1.tlog
T:\workspace\Visual Studio\C++\PolyU-ENG2002-Mini-Project\main\Calender\Calender\Debug\link.3368-cvtres.read.1.tlog
T:\workspace\Visual Studio\C++\PolyU-ENG2002-Mini-Project\main\Calender\Calender\Debug\link.3368-cvtres.write.1.tlog
T:\workspace\Visual Studio\C++\PolyU-ENG2002-Mini-Project\main\Calender\Calender\Debug\link.3376.read.1.tlog
T:\workspace\Visual Studio\C++\PolyU-ENG2002-Mini-Project\main\Calender\Calender\Debug\link.3376.write.1.tlog
T:\workspace\Visual Studio\C++\PolyU-ENG2002-Mini-Project\main\Calender\Calender\Debug\link.3376-cvtres.read.1.tlog
T:\workspace\Visual Studio\C++\PolyU-ENG2002-Mini-Project\main\Calender\Calender\Debug\link.3376-cvtres.write.1.tlog
T:\workspace\Visual Studio\C++\PolyU-ENG2002-Mini-Project\main\Calender\Calender\Debug\link.3384.read.1.tlog
T:\workspace\Visual Studio\C++\PolyU-ENG2002-Mini-Project\main\Calender\Calender\Debug\link.3384.write.1.tlog
T:\workspace\Visual Studio\C++\PolyU-ENG2002-Mini-Project\main\Calender\Calender\Debug\link.3384-cvtres.read.1.tlog
T:\workspace\Visual Studio\C++\PolyU-ENG2002-Mini-Project\main\Calender\Calender\Debug\link.3384-cvtres.write.1.tlog
T:\workspace\Visual Studio\C++\PolyU-ENG2002-Mini-Project\main\Calender\Calender\Debug\link.3412.read.1.tlog
T:\workspace\Visual Studio\C++\PolyU-ENG2002-Mini-Project\main\Calender\Calender\Debug\link.3412.write.1.tlog
T:\workspace\Visual Studio\C++\PolyU-ENG2002-Mini-Project\main\Calender\Calender\Debug\link.3412-cvtres.read.1.tlog
T:\workspace\Visual Studio\C++\PolyU-ENG2002-Mini-Project\main\Calender\Calender\Debug\link.3412-cvtres.write.1.tlog
T:\workspace\Visual Studio\C++\PolyU-ENG2002-Mini-Project\main\Calender\Calender\Debug\link.3484.read.1.tlog
T:\workspace\Visual Studio\C++\PolyU-ENG2002-Mini-Project\main\Calender\Calender\Debug\link.3484.write.1.tlog
T:\workspace\Visual Studio\C++\PolyU-ENG2002-Mini-Project\main\Calender\Calender\Debug\link.3484-cvtres.read.1.tlog
T:\workspace\Visual Studio\C++\PolyU-ENG2002-Mini-Project\main\Calender\Calender\Debug\link.3484-cvtres.write.1.tlog
T:\workspace\Visual Studio\C++\PolyU-ENG2002-Mini-Project\main\Calender\Calender\Debug\link.3544.read.1.tlog
T:\workspace\Visual Studio\C++\PolyU-ENG2002-Mini-Project\main\Calender\Calender\Debug\link.3544.write.1.tlog
T:\workspace\Visual Studio\C++\PolyU-ENG2002-Mini-Project\main\Calender\Calender\Debug\link.3544-cvtres.read.1.tlog
T:\workspace\Visual Studio\C++\PolyU-ENG2002-Mini-Project\main\Calender\Calender\Debug\link.3544-cvtres.write.1.tlog
T:\workspace\Visual Studio\C++\PolyU-ENG2002-Mini-Project\main\Calender\Calender\Debug\link.3560.read.1.tlog
T:\workspace\Visual Studio\C++\PolyU-ENG2002-Mini-Project\main\Calender\Calender\Debug\link.3560.write.1.tlog
T:\workspace\Visual Studio\C++\PolyU-ENG2002-Mini-Project\main\Calender\Calender\Debug\link.3560-cvtres.read.1.tlog
T:\workspace\Visual Studio\C++\PolyU-ENG2002-Mini-Project\main\Calender\Calender\Debug\link.3560-cvtres.write.1.tlog
T:\workspace\Visual Studio\C++\PolyU-ENG2002-Mini-Project\main\Calender\Calender\Debug\link.3572.read.1.tlog
T:\workspace\Visual Studio\C++\PolyU-ENG2002-Mini-Project\main\Calender\Calender\Debug\link.3572.write.1.tlog
T:\workspace\Visual Studio\C++\PolyU-ENG2002-Mini-Project\main\Calender\Calender\Debug\link.3572-cvtres.read.1.tlog
T:\workspace\Visual Studio\C++\PolyU-ENG2002-Mini-Project\main\Calender\Calender\Debug\link.3572-cvtres.write.1.tlog
T:\workspace\Visual Studio\C++\PolyU-ENG2002-Mini-Project\main\Calender\Calender\Debug\link.3616.read.1.tlog
T:\workspace\Visual Studio\C++\PolyU-ENG2002-Mini-Project\main\Calender\Calender\Debug\link.3616.write.1.tlog
T:\workspace\Visual Studio\C++\PolyU-ENG2002-Mini-Project\main\Calender\Calender\Debug\link.3616-cvtres.read.1.tlog
T:\workspace\Visual Studio\C++\PolyU-ENG2002-Mini-Project\main\Calender\Calender\Debug\link.3616-cvtres.write.1.tlog
T:\workspace\Visual Studio\C++\PolyU-ENG2002-Mini-Project\main\Calender\Calender\Debug\link.3620.read.1.tlog
T:\workspace\Visual Studio\C++\PolyU-ENG2002-Mini-Project\main\Calender\Calender\Debug\link.3620.write.1.tlog
T:\workspace\Visual Studio\C++\PolyU-ENG2002-Mini-Project\main\Calender\Calender\Debug\link.3620-cvtres.read.1.tlog
T:\workspace\Visual Studio\C++\PolyU-ENG2002-Mini-Project\main\Calender\Calender\Debug\link.3620-cvtres.write.1.tlog
T:\workspace\Visual Studio\C++\PolyU-ENG2002-Mini-Project\main\Calender\Calender\Debug\link.3632.read.1.tlog
T:\workspace\Visual Studio\C++\PolyU-ENG2002-Mini-Project\main\Calender\Calender\Debug\link.3632.write.1.tlog
T:\workspace\Visual Studio\C++\PolyU-ENG2002-Mini-Project\main\Calender\Calender\Debug\link.3632-cvtres.read.1.tlog
T:\workspace\Visual Studio\C++\PolyU-ENG2002-Mini-Project\main\Calender\Calender\Debug\link.3632-cvtres.write.1.tlog
T:\workspace\Visual Studio\C++\PolyU-ENG2002-Mini-Project\main\Calender\Calender\Debug\link.3640.read.1.tlog
T:\workspace\Visual Studio\C++\PolyU-ENG2002-Mini-Project\main\Calender\Calender\Debug\link.3640.write.1.tlog
T:\workspace\Visual Studio\C++\PolyU-ENG2002-Mini-Project\main\Calender\Calender\Debug\link.3640-cvtres.read.1.tlog
T:\workspace\Visual Studio\C++\PolyU-ENG2002-Mini-Project\main\Calender\Calender\Debug\link.3640-cvtres.write.1.tlog
T:\workspace\Visual Studio\C++\PolyU-ENG2002-Mini-Project\main\Calender\Calender\Debug\link.3716.read.1.tlog
T:\workspace\Visual Studio\C++\PolyU-ENG2002-Mini-Project\main\Calender\Calender\Debug\link.3716.write.1.tlog
T:\workspace\Visual Studio\C++\PolyU-ENG2002-Mini-Project\main\Calender\Calender\Debug\link.3716-cvtres.read.1.tlog
T:\workspace\Visual Studio\C++\PolyU-ENG2002-Mini-Project\main\Calender\Calender\Debug\link.3716-cvtres.write.1.tlog
T:\workspace\Visual Studio\C++\PolyU-ENG2002-Mini-Project\main\Calender\Calender\Debug\link.3724.read.1.tlog
T:\workspace\Visual Studio\C++\PolyU-ENG2002-Mini-Project\main\Calender\Calender\Debug\link.3724.write.1.tlog
T:\workspace\Visual Studio\C++\PolyU-ENG2002-Mini-Project\main\Calender\Calender\Debug\link.3724-cvtres.read.1.tlog
T:\workspace\Visual Studio\C++\PolyU-ENG2002-Mini-Project\main\Calender\Calender\Debug\link.3724-cvtres.write.1.tlog
T:\workspace\Visual Studio\C++\PolyU-ENG2002-Mini-Project\main\Calender\Calender\Debug\link.3736.read.1.tlog
T:\workspace\Visual Studio\C++\PolyU-ENG2002-Mini-Project\main\Calender\Calender\Debug\link.3736.write.1.tlog
T:\workspace\Visual Studio\C++\PolyU-ENG2002-Mini-Project\main\Calender\Calender\Debug\link.3736-cvtres.read.1.tlog
T:\workspace\Visual Studio\C++\PolyU-ENG2002-Mini-Project\main\Calender\Calender\Debug\link.3736-cvtres.write.1.tlog
T:\workspace\Visual Studio\C++\PolyU-ENG2002-Mini-Project\main\Calender\Calender\Debug\link.3744.read.1.tlog
T:\workspace\Visual Studio\C++\PolyU-ENG2002-Mini-Project\main\Calender\Calender\Debug\link.3744.write.1.tlog
T:\workspace\Visual Studio\C++\PolyU-ENG2002-Mini-Project\main\Calender\Calender\Debug\link.3744-cvtres.read.1.tlog
T:\workspace\Visual Studio\C++\PolyU-ENG2002-Mini-Project\main\Calender\Calender\Debug\link.3744-cvtres.write.1.tlog
T:\workspace\Visual Studio\C++\PolyU-ENG2002-Mini-Project\main\Calender\Calender\Debug\link.376.read.1.tlog
T:\workspace\Visual Studio\C++\PolyU-ENG2002-Mini-Project\main\Calender\Calender\Debug\link.376.write.1.tlog
T:\workspace\Visual Studio\C++\PolyU-ENG2002-Mini-Project\main\Calender\Calender\Debug\link.3764.read.1.tlog
T:\workspace\Visual Studio\C++\PolyU-ENG2002-Mini-Project\main\Calender\Calender\Debug\link.3764.write.1.tlog
T:\workspace\Visual Studio\C++\PolyU-ENG2002-Mini-Project\main\Calender\Calender\Debug\link.3764-cvtres.read.1.tlog
T:\workspace\Visual Studio\C++\PolyU-ENG2002-Mini-Project\main\Calender\Calender\Debug\link.3764-cvtres.write.1.tlog
T:\workspace\Visual Studio\C++\PolyU-ENG2002-Mini-Project\main\Calender\Calender\Debug\link.376-cvtres.read.1.tlog
T:\workspace\Visual Studio\C++\PolyU-ENG2002-Mini-Project\main\Calender\Calender\Debug\link.376-cvtres.write.1.tlog
T:\workspace\Visual Studio\C++\PolyU-ENG2002-Mini-Project\main\Calender\Calender\Debug\link.3856.read.1.tlog
T:\workspace\Visual Studio\C++\PolyU-ENG2002-Mini-Project\main\Calender\Calender\Debug\link.3856.write.1.tlog
T:\workspace\Visual Studio\C++\PolyU-ENG2002-Mini-Project\main\Calender\Calender\Debug\link.3856-cvtres.read.1.tlog
T:\workspace\Visual Studio\C++\PolyU-ENG2002-Mini-Project\main\Calender\Calender\Debug\link.3856-cvtres.write.1.tlog
T:\workspace\Visual Studio\C++\PolyU-ENG2002-Mini-Project\main\Calender\Calender\Debug\link.3868.read.1.tlog
T:\workspace\Visual Studio\C++\PolyU-ENG2002-Mini-Project\main\Calender\Calender\Debug\link.3868.write.1.tlog
T:\workspace\Visual Studio\C++\PolyU-ENG2002-Mini-Project\main\Calender\Calender\Debug\link.3868-cvtres.read.1.tlog
T:\workspace\Visual Studio\C++\PolyU-ENG2002-Mini-Project\main\Calender\Calender\Debug\link.3868-cvtres.write.1.tlog
T:\workspace\Visual Studio\C++\PolyU-ENG2002-Mini-Project\main\Calender\Calender\Debug\link.3940.read.1.tlog
T:\workspace\Visual Studio\C++\PolyU-ENG2002-Mini-Project\main\Calender\Calender\Debug\link.3940.write.1.tlog
T:\workspace\Visual Studio\C++\PolyU-ENG2002-Mini-Project\main\Calender\Calender\Debug\link.3940-cvtres.read.1.tlog
T:\workspace\Visual Studio\C++\PolyU-ENG2002-Mini-Project\main\Calender\Calender\Debug\link.3940-cvtres.write.1.tlog
T:\workspace\Visual Studio\C++\PolyU-ENG2002-Mini-Project\main\Calender\Calender\Debug\link.3952.read.1.tlog
T:\workspace\Visual Studio\C++\PolyU-ENG2002-Mini-Project\main\Calender\Calender\Debug\link.3952.write.1.tlog
T:\workspace\Visual Studio\C++\PolyU-ENG2002-Mini-Project\main\Calender\Calender\Debug\link.3952-cvtres.read.1.tlog
T:\workspace\Visual Studio\C++\PolyU-ENG2002-Mini-Project\main\Calender\Calender\Debug\link.3952-cvtres.write.1.tlog
T:\workspace\Visual Studio\C++\PolyU-ENG2002-Mini-Project\main\Calender\Calender\Debug\link.3984.read.1.tlog
T:\workspace\Visual Studio\C++\PolyU-ENG2002-Mini-Project\main\Calender\Calender\Debug\link.3984.write.1.tlog
T:\workspace\Visual Studio\C++\PolyU-ENG2002-Mini-Project\main\Calender\Calender\Debug\link.3984-cvtres.read.1.tlog
T:\workspace\Visual Studio\C++\PolyU-ENG2002-Mini-Project\main\Calender\Calender\Debug\link.3984-cvtres.write.1.tlog
T:\workspace\Visual Studio\C++\PolyU-ENG2002-Mini-Project\main\Calender\Calender\Debug\link.4024.read.1.tlog
T:\workspace\Visual Studio\C++\PolyU-ENG2002-Mini-Project\main\Calender\Calender\Debug\link.4024.write.1.tlog
T:\workspace\Visual Studio\C++\PolyU-ENG2002-Mini-Project\main\Calender\Calender\Debug\link.4024-cvtres.read.1.tlog
T:\workspace\Visual Studio\C++\PolyU-ENG2002-Mini-Project\main\Calender\Calender\Debug\link.4024-cvtres.write.1.tlog
T:\workspace\Visual Studio\C++\PolyU-ENG2002-Mini-Project\main\Calender\Calender\Debug\link.4036.read.1.tlog
T:\workspace\Visual Studio\C++\PolyU-ENG2002-Mini-Project\main\Calender\Calender\Debug\link.4036.write.1.tlog
T:\workspace\Visual Studio\C++\PolyU-ENG2002-Mini-Project\main\Calender\Calender\Debug\link.4036-cvtres.read.1.tlog
T:\workspace\Visual Studio\C++\PolyU-ENG2002-Mini-Project\main\Calender\Calender\Debug\link.4036-cvtres.write.1.tlog
T:\workspace\Visual Studio\C++\PolyU-ENG2002-Mini-Project\main\Calender\Calender\Debug\link.4092.read.1.tlog
T:\workspace\Visual Studio\C++\PolyU-ENG2002-Mini-Project\main\Calender\Calender\Debug\link.4092.write.1.tlog
T:\workspace\Visual Studio\C++\PolyU-ENG2002-Mini-Project\main\Calender\Calender\Debug\link.4092-cvtres.read.1.tlog
T:\workspace\Visual Studio\C++\PolyU-ENG2002-Mini-Project\main\Calender\Calender\Debug\link.4092-cvtres.write.1.tlog
T:\workspace\Visual Studio\C++\PolyU-ENG2002-Mini-Project\main\Calender\Calender\Debug\link.4196.read.1.tlog
T:\workspace\Visual Studio\C++\PolyU-ENG2002-Mini-Project\main\Calender\Calender\Debug\link.4196.write.1.tlog
T:\workspace\Visual Studio\C++\PolyU-ENG2002-Mini-Project\main\Calender\Calender\Debug\link.4196-cvtres.read.1.tlog
T:\workspace\Visual Studio\C++\PolyU-ENG2002-Mini-Project\main\Calender\Calender\Debug\link.4196-cvtres.write.1.tlog
T:\workspace\Visual Studio\C++\PolyU-ENG2002-Mini-Project\main\Calender\Calender\Debug\link.4232.read.1.tlog
T:\workspace\Visual Studio\C++\PolyU-ENG2002-Mini-Project\main\Calender\Calender\Debug\link.4232.write.1.tlog
T:\workspace\Visual Studio\C++\PolyU-ENG2002-Mini-Project\main\Calender\Calender\Debug\link.4232-cvtres.read.1.tlog
T:\workspace\Visual Studio\C++\PolyU-ENG2002-Mini-Project\main\Calender\Calender\Debug\link.4232-cvtres.write.1.tlog
T:\workspace\Visual Studio\C++\PolyU-ENG2002-Mini-Project\main\Calender\Calender\Debug\link.4236.read.1.tlog
T:\workspace\Visual Studio\C++\PolyU-ENG2002-Mini-Project\main\Calender\Calender\Debug\link.4236.write.1.tlog
T:\workspace\Visual Studio\C++\PolyU-ENG2002-Mini-Project\main\Calender\Calender\Debug\link.4236-cvtres.read.1.tlog
T:\workspace\Visual Studio\C++\PolyU-ENG2002-Mini-Project\main\Calender\Calender\Debug\link.4236-cvtres.write.1.tlog
T:\workspace\Visual Studio\C++\PolyU-ENG2002-Mini-Project\main\Calender\Calender\Debug\link.4264.read.1.tlog
T:\workspace\Visual Studio\C++\PolyU-ENG2002-Mini-Project\main\Calender\Calender\Debug\link.4264.write.1.tlog
T:\workspace\Visual Studio\C++\PolyU-ENG2002-Mini-Project\main\Calender\Calender\Debug\link.4264-cvtres.read.1.tlog
T:\workspace\Visual Studio\C++\PolyU-ENG2002-Mini-Project\main\Calender\Calender\Debug\link.4264-cvtres.write.1.tlog
T:\workspace\Visual Studio\C++\PolyU-ENG2002-Mini-Project\main\Calender\Calender\Debug\link.4268.read.1.tlog
T:\workspace\Visual Studio\C++\PolyU-ENG2002-Mini-Project\main\Calender\Calender\Debug\link.4268.write.1.tlog
T:\workspace\Visual Studio\C++\PolyU-ENG2002-Mini-Project\main\Calender\Calender\Debug\link.4268-cvtres.read.1.tlog
T:\workspace\Visual Studio\C++\PolyU-ENG2002-Mini-Project\main\Calender\Calender\Debug\link.4268-cvtres.write.1.tlog
T:\workspace\Visual Studio\C++\PolyU-ENG2002-Mini-Project\main\Calender\Calender\Debug\link.4280.read.1.tlog
T:\workspace\Visual Studio\C++\PolyU-ENG2002-Mini-Project\main\Calender\Calender\Debug\link.4280.write.1.tlog
T:\workspace\Visual Studio\C++\PolyU-ENG2002-Mini-Project\main\Calender\Calender\Debug\link.4280-cvtres.read.1.tlog
T:\workspace\Visual Studio\C++\PolyU-ENG2002-Mini-Project\main\Calender\Calender\Debug\link.4280-cvtres.write.1.tlog
T:\workspace\Visual Studio\C++\PolyU-ENG2002-Mini-Project\main\Calender\Calender\Debug\link.4288.read.1.tlog
T:\workspace\Visual Studio\C++\PolyU-ENG2002-Mini-Project\main\Calender\Calender\Debug\link.4288.write.1.tlog
T:\workspace\Visual Studio\C++\PolyU-ENG2002-Mini-Project\main\Calender\Calender\Debug\link.4288-cvtres.read.1.tlog
T:\workspace\Visual Studio\C++\PolyU-ENG2002-Mini-Project\main\Calender\Calender\Debug\link.4288-cvtres.write.1.tlog
T:\workspace\Visual Studio\C++\PolyU-ENG2002-Mini-Project\main\Calender\Calender\Debug\link.4292.read.1.tlog
T:\workspace\Visual Studio\C++\PolyU-ENG2002-Mini-Project\main\Calender\Calender\Debug\link.4292.write.1.tlog
T:\workspace\Visual Studio\C++\PolyU-ENG2002-Mini-Project\main\Calender\Calender\Debug\link.4292-cvtres.read.1.tlog
T:\workspace\Visual Studio\C++\PolyU-ENG2002-Mini-Project\main\Calender\Calender\Debug\link.4292-cvtres.write.1.tlog
T:\workspace\Visual Studio\C++\PolyU-ENG2002-Mini-Project\main\Calender\Calender\Debug\link.4364.read.1.tlog
T:\workspace\Visual Studio\C++\PolyU-ENG2002-Mini-Project\main\Calender\Calender\Debug\link.4364.write.1.tlog
T:\workspace\Visual Studio\C++\PolyU-ENG2002-Mini-Project\main\Calender\Calender\Debug\link.4364-cvtres.read.1.tlog
T:\workspace\Visual Studio\C++\PolyU-ENG2002-Mini-Project\main\Calender\Calender\Debug\link.4364-cvtres.write.1.tlog
T:\workspace\Visual Studio\C++\PolyU-ENG2002-Mini-Project\main\Calender\Calender\Debug\link.4380.read.1.tlog
T:\workspace\Visual Studio\C++\PolyU-ENG2002-Mini-Project\main\Calender\Calender\Debug\link.4380.write.1.tlog
T:\workspace\Visual Studio\C++\PolyU-ENG2002-Mini-Project\main\Calender\Calender\Debug\link.4380-cvtres.read.1.tlog
T:\workspace\Visual Studio\C++\PolyU-ENG2002-Mini-Project\main\Calender\Calender\Debug\link.4380-cvtres.write.1.tlog
T:\workspace\Visual Studio\C++\PolyU-ENG2002-Mini-Project\main\Calender\Calender\Debug\link.4392.read.1.tlog
T:\workspace\Visual Studio\C++\PolyU-ENG2002-Mini-Project\main\Calender\Calender\Debug\link.4392.write.1.tlog
T:\workspace\Visual Studio\C++\PolyU-ENG2002-Mini-Project\main\Calender\Calender\Debug\link.4392-cvtres.read.1.tlog
T:\workspace\Visual Studio\C++\PolyU-ENG2002-Mini-Project\main\Calender\Calender\Debug\link.4392-cvtres.write.1.tlog
T:\workspace\Visual Studio\C++\PolyU-ENG2002-Mini-Project\main\Calender\Calender\Debug\link.444.read.1.tlog
T:\workspace\Visual Studio\C++\PolyU-ENG2002-Mini-Project\main\Calender\Calender\Debug\link.444.write.1.tlog
T:\workspace\Visual Studio\C++\PolyU-ENG2002-Mini-Project\main\Calender\Calender\Debug\link.444-cvtres.read.1.tlog
T:\workspace\Visual Studio\C++\PolyU-ENG2002-Mini-Project\main\Calender\Calender\Debug\link.444-cvtres.write.1.tlog
T:\workspace\Visual Studio\C++\PolyU-ENG2002-Mini-Project\main\Calender\Calender\Debug\link.4456.read.1.tlog
T:\workspace\Visual Studio\C++\PolyU-ENG2002-Mini-Project\main\Calender\Calender\Debug\link.4456.write.1.tlog
T:\workspace\Visual Studio\C++\PolyU-ENG2002-Mini-Project\main\Calender\Calender\Debug\link.4456-cvtres.read.1.tlog
T:\workspace\Visual Studio\C++\PolyU-ENG2002-Mini-Project\main\Calender\Calender\Debug\link.4456-cvtres.write.1.tlog
T:\workspace\Visual Studio\C++\PolyU-ENG2002-Mini-Project\main\Calender\Calender\Debug\link.4540.read.1.tlog
T:\workspace\Visual Studio\C++\PolyU-ENG2002-Mini-Project\main\Calender\Calender\Debug\link.4540.write.1.tlog
T:\workspace\Visual Studio\C++\PolyU-ENG2002-Mini-Project\main\Calender\Calender\Debug\link.4540-cvtres.read.1.tlog
T:\workspace\Visual Studio\C++\PolyU-ENG2002-Mini-Project\main\Calender\Calender\Debug\link.4540-cvtres.write.1.tlog
T:\workspace\Visual Studio\C++\PolyU-ENG2002-Mini-Project\main\Calender\Calender\Debug\link.4600.read.1.tlog
T:\workspace\Visual Studio\C++\PolyU-ENG2002-Mini-Project\main\Calender\Calender\Debug\link.4600.write.1.tlog
T:\workspace\Visual Studio\C++\PolyU-ENG2002-Mini-Project\main\Calender\Calender\Debug\link.4600-cvtres.read.1.tlog
T:\workspace\Visual Studio\C++\PolyU-ENG2002-Mini-Project\main\Calender\Calender\Debug\link.4600-cvtres.write.1.tlog
T:\workspace\Visual Studio\C++\PolyU-ENG2002-Mini-Project\main\Calender\Calender\Debug\link.4636.read.1.tlog
T:\workspace\Visual Studio\C++\PolyU-ENG2002-Mini-Project\main\Calender\Calender\Debug\link.4636.write.1.tlog
T:\workspace\Visual Studio\C++\PolyU-ENG2002-Mini-Project\main\Calender\Calender\Debug\link.4636-cvtres.read.1.tlog
T:\workspace\Visual Studio\C++\PolyU-ENG2002-Mini-Project\main\Calender\Calender\Debug\link.4636-cvtres.write.1.tlog
T:\workspace\Visual Studio\C++\PolyU-ENG2002-Mini-Project\main\Calender\Calender\Debug\link.4640.read.1.tlog
T:\workspace\Visual Studio\C++\PolyU-ENG2002-Mini-Project\main\Calender\Calender\Debug\link.4640.write.1.tlog
T:\workspace\Visual Studio\C++\PolyU-ENG2002-Mini-Project\main\Calender\Calender\Debug\link.4640-cvtres.read.1.tlog
T:\workspace\Visual Studio\C++\PolyU-ENG2002-Mini-Project\main\Calender\Calender\Debug\link.4640-cvtres.write.1.tlog
T:\workspace\Visual Studio\C++\PolyU-ENG2002-Mini-Project\main\Calender\Calender\Debug\link.4648.read.1.tlog
T:\workspace\Visual Studio\C++\PolyU-ENG2002-Mini-Project\main\Calender\Calender\Debug\link.4648.write.1.tlog
T:\workspace\Visual Studio\C++\PolyU-ENG2002-Mini-Project\main\Calender\Calender\Debug\link.4648-cvtres.read.1.tlog
T:\workspace\Visual Studio\C++\PolyU-ENG2002-Mini-Project\main\Calender\Calender\Debug\link.4648-cvtres.write.1.tlog
T:\workspace\Visual Studio\C++\PolyU-ENG2002-Mini-Project\main\Calender\Calender\Debug\link.4656.read.1.tlog
T:\workspace\Visual Studio\C++\PolyU-ENG2002-Mini-Project\main\Calender\Calender\Debug\link.4656.write.1.tlog
T:\workspace\Visual Studio\C++\PolyU-ENG2002-Mini-Project\main\Calender\Calender\Debug\link.4656-cvtres.read.1.tlog
T:\workspace\Visual Studio\C++\PolyU-ENG2002-Mini-Project\main\Calender\Calender\Debug\link.4656-cvtres.write.1.tlog
T:\workspace\Visual Studio\C++\PolyU-ENG2002-Mini-Project\main\Calender\Calender\Debug\link.4664.read.1.tlog
T:\workspace\Visual Studio\C++\PolyU-ENG2002-Mini-Project\main\Calender\Calender\Debug\link.4664.write.1.tlog
T:\workspace\Visual Studio\C++\PolyU-ENG2002-Mini-Project\main\Calender\Calender\Debug\link.4664-cvtres.read.1.tlog
T:\workspace\Visual Studio\C++\PolyU-ENG2002-Mini-Project\main\Calender\Calender\Debug\link.4664-cvtres.write.1.tlog
T:\workspace\Visual Studio\C++\PolyU-ENG2002-Mini-Project\main\Calender\Calender\Debug\link.4668.read.1.tlog
T:\workspace\Visual Studio\C++\PolyU-ENG2002-Mini-Project\main\Calender\Calender\Debug\link.4668.write.1.tlog
T:\workspace\Visual Studio\C++\PolyU-ENG2002-Mini-Project\main\Calender\Calender\Debug\link.4668-cvtres.read.1.tlog
T:\workspace\Visual Studio\C++\PolyU-ENG2002-Mini-Project\main\Calender\Calender\Debug\link.4668-cvtres.write.1.tlog
T:\workspace\Visual Studio\C++\PolyU-ENG2002-Mini-Project\main\Calender\Calender\Debug\link.4716.read.1.tlog
T:\workspace\Visual Studio\C++\PolyU-ENG2002-Mini-Project\main\Calender\Calender\Debug\link.4716.write.1.tlog
T:\workspace\Visual Studio\C++\PolyU-ENG2002-Mini-Project\main\Calender\Calender\Debug\link.4716-cvtres.read.1.tlog
T:\workspace\Visual Studio\C++\PolyU-ENG2002-Mini-Project\main\Calender\Calender\Debug\link.4716-cvtres.write.1.tlog
T:\workspace\Visual Studio\C++\PolyU-ENG2002-Mini-Project\main\Calender\Calender\Debug\link.4720.read.1.tlog
T:\workspace\Visual Studio\C++\PolyU-ENG2002-Mini-Project\main\Calender\Calender\Debug\link.4720.write.1.tlog
T:\workspace\Visual Studio\C++\PolyU-ENG2002-Mini-Project\main\Calender\Calender\Debug\link.4720-cvtres.read.1.tlog
T:\workspace\Visual Studio\C++\PolyU-ENG2002-Mini-Project\main\Calender\Calender\Debug\link.4720-cvtres.write.1.tlog
T:\workspace\Visual Studio\C++\PolyU-ENG2002-Mini-Project\main\Calender\Calender\Debug\link.4728.read.1.tlog
T:\workspace\Visual Studio\C++\PolyU-ENG2002-Mini-Project\main\Calender\Calender\Debug\link.4728.write.1.tlog
T:\workspace\Visual Studio\C++\PolyU-ENG2002-Mini-Project\main\Calender\Calender\Debug\link.4728-cvtres.read.1.tlog
T:\workspace\Visual Studio\C++\PolyU-ENG2002-Mini-Project\main\Calender\Calender\Debug\link.4728-cvtres.write.1.tlog
T:\workspace\Visual Studio\C++\PolyU-ENG2002-Mini-Project\main\Calender\Calender\Debug\link.4756.read.1.tlog
T:\workspace\Visual Studio\C++\PolyU-ENG2002-Mini-Project\main\Calender\Calender\Debug\link.4756.write.1.tlog
T:\workspace\Visual Studio\C++\PolyU-ENG2002-Mini-Project\main\Calender\Calender\Debug\link.4756-cvtres.read.1.tlog
T:\workspace\Visual Studio\C++\PolyU-ENG2002-Mini-Project\main\Calender\Calender\Debug\link.4756-cvtres.write.1.tlog
T:\workspace\Visual Studio\C++\PolyU-ENG2002-Mini-Project\main\Calender\Calender\Debug\link.4812.read.1.tlog
T:\workspace\Visual Studio\C++\PolyU-ENG2002-Mini-Project\main\Calender\Calender\Debug\link.4812.write.1.tlog
T:\workspace\Visual Studio\C++\PolyU-ENG2002-Mini-Project\main\Calender\Calender\Debug\link.4812-cvtres.read.1.tlog
T:\workspace\Visual Studio\C++\PolyU-ENG2002-Mini-Project\main\Calender\Calender\Debug\link.4812-cvtres.write.1.tlog
T:\workspace\Visual Studio\C++\PolyU-ENG2002-Mini-Project\main\Calender\Calender\Debug\link.4840.read.1.tlog
T:\workspace\Visual Studio\C++\PolyU-ENG2002-Mini-Project\main\Calender\Calender\Debug\link.4840.write.1.tlog
T:\workspace\Visual Studio\C++\PolyU-ENG2002-Mini-Project\main\Calender\Calender\Debug\link.4840-cvtres.read.1.tlog
T:\workspace\Visual Studio\C++\PolyU-ENG2002-Mini-Project\main\Calender\Calender\Debug\link.4840-cvtres.write.1.tlog
T:\workspace\Visual Studio\C++\PolyU-ENG2002-Mini-Project\main\Calender\Calender\Debug\link.4844.read.1.tlog
T:\workspace\Visual Studio\C++\PolyU-ENG2002-Mini-Project\main\Calender\Calender\Debug\link.4844.write.1.tlog
T:\workspace\Visual Studio\C++\PolyU-ENG2002-Mini-Project\main\Calender\Calender\Debug\link.4844-cvtres.read.1.tlog
T:\workspace\Visual Studio\C++\PolyU-ENG2002-Mini-Project\main\Calender\Calender\Debug\link.4844-cvtres.write.1.tlog
T:\workspace\Visual Studio\C++\PolyU-ENG2002-Mini-Project\main\Calender\Calender\Debug\link.4908.read.1.tlog
T:\workspace\Visual Studio\C++\PolyU-ENG2002-Mini-Project\main\Calender\Calender\Debug\link.4908.write.1.tlog
T:\workspace\Visual Studio\C++\PolyU-ENG2002-Mini-Project\main\Calender\Calender\Debug\link.4908-cvtres.read.1.tlog
T:\workspace\Visual Studio\C++\PolyU-ENG2002-Mini-Project\main\Calender\Calender\Debug\link.4908-cvtres.write.1.tlog
T:\workspace\Visual Studio\C++\PolyU-ENG2002-Mini-Project\main\Calender\Calender\Debug\link.4944.read.1.tlog
T:\workspace\Visual Studio\C++\PolyU-ENG2002-Mini-Project\main\Calender\Calender\Debug\link.4944.write.1.tlog
T:\workspace\Visual Studio\C++\PolyU-ENG2002-Mini-Project\main\Calender\Calender\Debug\link.4944-cvtres.read.1.tlog
T:\workspace\Visual Studio\C++\PolyU-ENG2002-Mini-Project\main\Calender\Calender\Debug\link.4944-cvtres.write.1.tlog
T:\workspace\Visual Studio\C++\PolyU-ENG2002-Mini-Project\main\Calender\Calender\Debug\link.4956.read.1.tlog
T:\workspace\Visual Studio\C++\PolyU-ENG2002-Mini-Project\main\Calender\Calender\Debug\link.4956.write.1.tlog
T:\workspace\Visual Studio\C++\PolyU-ENG2002-Mini-Project\main\Calender\Calender\Debug\link.4956-cvtres.read.1.tlog
T:\workspace\Visual Studio\C++\PolyU-ENG2002-Mini-Project\main\Calender\Calender\Debug\link.4956-cvtres.write.1.tlog
T:\workspace\Visual Studio\C++\PolyU-ENG2002-Mini-Project\main\Calender\Calender\Debug\link.4964.read.1.tlog
T:\workspace\Visual Studio\C++\PolyU-ENG2002-Mini-Project\main\Calender\Calender\Debug\link.4964.write.1.tlog
T:\workspace\Visual Studio\C++\PolyU-ENG2002-Mini-Project\main\Calender\Calender\Debug\link.4964-cvtres.read.1.tlog
T:\workspace\Visual Studio\C++\PolyU-ENG2002-Mini-Project\main\Calender\Calender\Debug\link.4964-cvtres.write.1.tlog
T:\workspace\Visual Studio\C++\PolyU-ENG2002-Mini-Project\main\Calender\Calender\Debug\link.5016.read.1.tlog
T:\workspace\Visual Studio\C++\PolyU-ENG2002-Mini-Project\main\Calender\Calender\Debug\link.5016.write.1.tlog
T:\workspace\Visual Studio\C++\PolyU-ENG2002-Mini-Project\main\Calender\Calender\Debug\link.5016-cvtres.read.1.tlog
T:\workspace\Visual Studio\C++\PolyU-ENG2002-Mini-Project\main\Calender\Calender\Debug\link.5016-cvtres.write.1.tlog
T:\workspace\Visual Studio\C++\PolyU-ENG2002-Mini-Project\main\Calender\Calender\Debug\link.5072.read.1.tlog
T:\workspace\Visual Studio\C++\PolyU-ENG2002-Mini-Project\main\Calender\Calender\Debug\link.5072.write.1.tlog
T:\workspace\Visual Studio\C++\PolyU-ENG2002-Mini-Project\main\Calender\Calender\Debug\link.5072-cvtres.read.1.tlog
T:\workspace\Visual Studio\C++\PolyU-ENG2002-Mini-Project\main\Calender\Calender\Debug\link.5072-cvtres.write.1.tlog
T:\workspace\Visual Studio\C++\PolyU-ENG2002-Mini-Project\main\Calender\Calender\Debug\link.5108.read.1.tlog
T:\workspace\Visual Studio\C++\PolyU-ENG2002-Mini-Project\main\Calender\Calender\Debug\link.5108.write.1.tlog
T:\workspace\Visual Studio\C++\PolyU-ENG2002-Mini-Project\main\Calender\Calender\Debug\link.5108-cvtres.read.1.tlog
T:\workspace\Visual Studio\C++\PolyU-ENG2002-Mini-Project\main\Calender\Calender\Debug\link.5108-cvtres.write.1.tlog
T:\workspace\Visual Studio\C++\PolyU-ENG2002-Mini-Project\main\Calender\Calender\Debug\link.5140.read.1.tlog
T:\workspace\Visual Studio\C++\PolyU-ENG2002-Mini-Project\main\Calender\Calender\Debug\link.5140.write.1.tlog
T:\workspace\Visual Studio\C++\PolyU-ENG2002-Mini-Project\main\Calender\Calender\Debug\link.5140-cvtres.read.1.tlog
T:\workspace\Visual Studio\C++\PolyU-ENG2002-Mini-Project\main\Calender\Calender\Debug\link.5140-cvtres.write.1.tlog
T:\workspace\Visual Studio\C++\PolyU-ENG2002-Mini-Project\main\Calender\Calender\Debug\link.5144.read.1.tlog
T:\workspace\Visual Studio\C++\PolyU-ENG2002-Mini-Project\main\Calender\Calender\Debug\link.5144.write.1.tlog
T:\workspace\Visual Studio\C++\PolyU-ENG2002-Mini-Project\main\Calender\Calender\Debug\link.5144-cvtres.read.1.tlog
T:\workspace\Visual Studio\C++\PolyU-ENG2002-Mini-Project\main\Calender\Calender\Debug\link.5144-cvtres.write.1.tlog
T:\workspace\Visual Studio\C++\PolyU-ENG2002-Mini-Project\main\Calender\Calender\Debug\link.5248.read.1.tlog
T:\workspace\Visual Studio\C++\PolyU-ENG2002-Mini-Project\main\Calender\Calender\Debug\link.5248.write.1.tlog
T:\workspace\Visual Studio\C++\PolyU-ENG2002-Mini-Project\main\Calender\Calender\Debug\link.5248-cvtres.read.1.tlog
T:\workspace\Visual Studio\C++\PolyU-ENG2002-Mini-Project\main\Calender\Calender\Debug\link.5248-cvtres.write.1.tlog
T:\workspace\Visual Studio\C++\PolyU-ENG2002-Mini-Project\main\Calender\Calender\Debug\link.5316.read.1.tlog
T:\workspace\Visual Studio\C++\PolyU-ENG2002-Mini-Project\main\Calender\Calender\Debug\link.5316.write.1.tlog
T:\workspace\Visual Studio\C++\PolyU-ENG2002-Mini-Project\main\Calender\Calender\Debug\link.5316-cvtres.read.1.tlog
T:\workspace\Visual Studio\C++\PolyU-ENG2002-Mini-Project\main\Calender\Calender\Debug\link.5316-cvtres.write.1.tlog
T:\workspace\Visual Studio\C++\PolyU-ENG2002-Mini-Project\main\Calender\Calender\Debug\link.5364.read.1.tlog
T:\workspace\Visual Studio\C++\PolyU-ENG2002-Mini-Project\main\Calender\Calender\Debug\link.5364.write.1.tlog
T:\workspace\Visual Studio\C++\PolyU-ENG2002-Mini-Project\main\Calender\Calender\Debug\link.5364-cvtres.read.1.tlog
T:\workspace\Visual Studio\C++\PolyU-ENG2002-Mini-Project\main\Calender\Calender\Debug\link.5364-cvtres.write.1.tlog
T:\workspace\Visual Studio\C++\PolyU-ENG2002-Mini-Project\main\Calender\Calender\Debug\link.5436.read.1.tlog
T:\workspace\Visual Studio\C++\PolyU-ENG2002-Mini-Project\main\Calender\Calender\Debug\link.5436.write.1.tlog
T:\workspace\Visual Studio\C++\PolyU-ENG2002-Mini-Project\main\Calender\Calender\Debug\link.5436-cvtres.read.1.tlog
T:\workspace\Visual Studio\C++\PolyU-ENG2002-Mini-Project\main\Calender\Calender\Debug\link.5436-cvtres.write.1.tlog
T:\workspace\Visual Studio\C++\PolyU-ENG2002-Mini-Project\main\Calender\Calender\Debug\link.5540.read.1.tlog
T:\workspace\Visual Studio\C++\PolyU-ENG2002-Mini-Project\main\Calender\Calender\Debug\link.5540.write.1.tlog
T:\workspace\Visual Studio\C++\PolyU-ENG2002-Mini-Project\main\Calender\Calender\Debug\link.5540-cvtres.read.1.tlog
T:\workspace\Visual Studio\C++\PolyU-ENG2002-Mini-Project\main\Calender\Calender\Debug\link.5540-cvtres.write.1.tlog
T:\workspace\Visual Studio\C++\PolyU-ENG2002-Mini-Project\main\Calender\Calender\Debug\link.5592.read.1.tlog
T:\workspace\Visual Studio\C++\PolyU-ENG2002-Mini-Project\main\Calender\Calender\Debug\link.5592.write.1.tlog
T:\workspace\Visual Studio\C++\PolyU-ENG2002-Mini-Project\main\Calender\Calender\Debug\link.5592-cvtres.read.1.tlog
T:\workspace\Visual Studio\C++\PolyU-ENG2002-Mini-Project\main\Calender\Calender\Debug\link.5592-cvtres.write.1.tlog
T:\workspace\Visual Studio\C++\PolyU-ENG2002-Mini-Project\main\Calender\Calender\Debug\link.5600.read.1.tlog
T:\workspace\Visual Studio\C++\PolyU-ENG2002-Mini-Project\main\Calender\Calender\Debug\link.5600.write.1.tlog
T:\workspace\Visual Studio\C++\PolyU-ENG2002-Mini-Project\main\Calender\Calender\Debug\link.5600-cvtres.read.1.tlog
T:\workspace\Visual Studio\C++\PolyU-ENG2002-Mini-Project\main\Calender\Calender\Debug\link.5600-cvtres.write.1.tlog
T:\workspace\Visual Studio\C++\PolyU-ENG2002-Mini-Project\main\Calender\Calender\Debug\link.5704.read.1.tlog
T:\workspace\Visual Studio\C++\PolyU-ENG2002-Mini-Project\main\Calender\Calender\Debug\link.5704.write.1.tlog
T:\workspace\Visual Studio\C++\PolyU-ENG2002-Mini-Project\main\Calender\Calender\Debug\link.5704-cvtres.read.1.tlog
T:\workspace\Visual Studio\C++\PolyU-ENG2002-Mini-Project\main\Calender\Calender\Debug\link.5704-cvtres.write.1.tlog
T:\workspace\Visual Studio\C++\PolyU-ENG2002-Mini-Project\main\Calender\Calender\Debug\link.5752.read.1.tlog
T:\workspace\Visual Studio\C++\PolyU-ENG2002-Mini-Project\main\Calender\Calender\Debug\link.5752.write.1.tlog
T:\workspace\Visual Studio\C++\PolyU-ENG2002-Mini-Project\main\Calender\Calender\Debug\link.5752-cvtres.read.1.tlog
T:\workspace\Visual Studio\C++\PolyU-ENG2002-Mini-Project\main\Calender\Calender\Debug\link.5752-cvtres.write.1.tlog
T:\workspace\Visual Studio\C++\PolyU-ENG2002-Mini-Project\main\Calender\Calender\Debug\link.5792.read.1.tlog
T:\workspace\Visual Studio\C++\PolyU-ENG2002-Mini-Project\main\Calender\Calender\Debug\link.5792.write.1.tlog
T:\workspace\Visual Studio\C++\PolyU-ENG2002-Mini-Project\main\Calender\Calender\Debug\link.5792-cvtres.read.1.tlog
T:\workspace\Visual Studio\C++\PolyU-ENG2002-Mini-Project\main\Calender\Calender\Debug\link.5792-cvtres.write.1.tlog
T:\workspace\Visual Studio\C++\PolyU-ENG2002-Mini-Project\main\Calender\Calender\Debug\link.5796.read.1.tlog
T:\workspace\Visual Studio\C++\PolyU-ENG2002-Mini-Project\main\Calender\Calender\Debug\link.5796.write.1.tlog
T:\workspace\Visual Studio\C++\PolyU-ENG2002-Mini-Project\main\Calender\Calender\Debug\link.5796-cvtres.read.1.tlog
T:\workspace\Visual Studio\C++\PolyU-ENG2002-Mini-Project\main\Calender\Calender\Debug\link.5796-cvtres.write.1.tlog
T:\workspace\Visual Studio\C++\PolyU-ENG2002-Mini-Project\main\Calender\Calender\Debug\link.5884.read.1.tlog
T:\workspace\Visual Studio\C++\PolyU-ENG2002-Mini-Project\main\Calender\Calender\Debug\link.5884.write.1.tlog
T:\workspace\Visual Studio\C++\PolyU-ENG2002-Mini-Project\main\Calender\Calender\Debug\link.5884-cvtres.read.1.tlog
T:\workspace\Visual Studio\C++\PolyU-ENG2002-Mini-Project\main\Calender\Calender\Debug\link.5884-cvtres.write.1.tlog
T:\workspace\Visual Studio\C++\PolyU-ENG2002-Mini-Project\main\Calender\Calender\Debug\link.5944.read.1.tlog
T:\workspace\Visual Studio\C++\PolyU-ENG2002-Mini-Project\main\Calender\Calender\Debug\link.5944.write.1.tlog
T:\workspace\Visual Studio\C++\PolyU-ENG2002-Mini-Project\main\Calender\Calender\Debug\link.5944-cvtres.read.1.tlog
T:\workspace\Visual Studio\C++\PolyU-ENG2002-Mini-Project\main\Calender\Calender\Debug\link.5944-cvtres.write.1.tlog
T:\workspace\Visual Studio\C++\PolyU-ENG2002-Mini-Project\main\Calender\Calender\Debug\link.5968.read.1.tlog
T:\workspace\Visual Studio\C++\PolyU-ENG2002-Mini-Project\main\Calender\Calender\Debug\link.5968.write.1.tlog
T:\workspace\Visual Studio\C++\PolyU-ENG2002-Mini-Project\main\Calender\Calender\Debug\link.5968-cvtres.read.1.tlog
T:\workspace\Visual Studio\C++\PolyU-ENG2002-Mini-Project\main\Calender\Calender\Debug\link.5968-cvtres.write.1.tlog
T:\workspace\Visual Studio\C++\PolyU-ENG2002-Mini-Project\main\Calender\Calender\Debug\link.6052.read.1.tlog
T:\workspace\Visual Studio\C++\PolyU-ENG2002-Mini-Project\main\Calender\Calender\Debug\link.6052.write.1.tlog
T:\workspace\Visual Studio\C++\PolyU-ENG2002-Mini-Project\main\Calender\Calender\Debug\link.6052-cvtres.read.1.tlog
T:\workspace\Visual Studio\C++\PolyU-ENG2002-Mini-Project\main\Calender\Calender\Debug\link.6052-cvtres.write.1.tlog
T:\workspace\Visual Studio\C++\PolyU-ENG2002-Mini-Project\main\Calender\Calender\Debug\link.6060.read.1.tlog
T:\workspace\Visual Studio\C++\PolyU-ENG2002-Mini-Project\main\Calender\Calender\Debug\link.6060.write.1.tlog
T:\workspace\Visual Studio\C++\PolyU-ENG2002-Mini-Project\main\Calender\Calender\Debug\link.6060-cvtres.read.1.tlog
T:\workspace\Visual Studio\C++\PolyU-ENG2002-Mini-Project\main\Calender\Calender\Debug\link.6060-cvtres.write.1.tlog
T:\workspace\Visual Studio\C++\PolyU-ENG2002-Mini-Project\main\Calender\Calender\Debug\link.6076.read.1.tlog
T:\workspace\Visual Studio\C++\PolyU-ENG2002-Mini-Project\main\Calender\Calender\Debug\link.6076.write.1.tlog
T:\workspace\Visual Studio\C++\PolyU-ENG2002-Mini-Project\main\Calender\Calender\Debug\link.6076-cvtres.read.1.tlog
T:\workspace\Visual Studio\C++\PolyU-ENG2002-Mini-Project\main\Calender\Calender\Debug\link.6076-cvtres.write.1.tlog
T:\workspace\Visual Studio\C++\PolyU-ENG2002-Mini-Project\main\Calender\Calender\Debug\link.6084.read.1.tlog
T:\workspace\Visual Studio\C++\PolyU-ENG2002-Mini-Project\main\Calender\Calender\Debug\link.6084.write.1.tlog
T:\workspace\Visual Studio\C++\PolyU-ENG2002-Mini-Project\main\Calender\Calender\Debug\link.6084-cvtres.read.1.tlog
T:\workspace\Visual Studio\C++\PolyU-ENG2002-Mini-Project\main\Calender\Calender\Debug\link.6084-cvtres.write.1.tlog
T:\workspace\Visual Studio\C++\PolyU-ENG2002-Mini-Project\main\Calender\Calender\Debug\link.6132.read.1.tlog
T:\workspace\Visual Studio\C++\PolyU-ENG2002-Mini-Project\main\Calender\Calender\Debug\link.6132.write.1.tlog
T:\workspace\Visual Studio\C++\PolyU-ENG2002-Mini-Project\main\Calender\Calender\Debug\link.6132-cvtres.read.1.tlog
T:\workspace\Visual Studio\C++\PolyU-ENG2002-Mini-Project\main\Calender\Calender\Debug\link.6132-cvtres.write.1.tlog
T:\workspace\Visual Studio\C++\PolyU-ENG2002-Mini-Project\main\Calender\Calender\Debug\link.6340.read.1.tlog
T:\workspace\Visual Studio\C++\PolyU-ENG2002-Mini-Project\main\Calender\Calender\Debug\link.6340.write.1.tlog
T:\workspace\Visual Studio\C++\PolyU-ENG2002-Mini-Project\main\Calender\Calender\Debug\link.6340-cvtres.read.1.tlog
T:\workspace\Visual Studio\C++\PolyU-ENG2002-Mini-Project\main\Calender\Calender\Debug\link.6340-cvtres.write.1.tlog
T:\workspace\Visual Studio\C++\PolyU-ENG2002-Mini-Project\main\Calender\Calender\Debug\link.6348.read.1.tlog
T:\workspace\Visual Studio\C++\PolyU-ENG2002-Mini-Project\main\Calender\Calender\Debug\link.6348.write.1.tlog
T:\workspace\Visual Studio\C++\PolyU-ENG2002-Mini-Project\main\Calender\Calender\Debug\link.6348-cvtres.read.1.tlog
T:\workspace\Visual Studio\C++\PolyU-ENG2002-Mini-Project\main\Calender\Calender\Debug\link.6348-cvtres.write.1.tlog
T:\workspace\Visual Studio\C++\PolyU-ENG2002-Mini-Project\main\Calender\Calender\Debug\link.6428.read.1.tlog
T:\workspace\Visual Studio\C++\PolyU-ENG2002-Mini-Project\main\Calender\Calender\Debug\link.6428.write.1.tlog
T:\workspace\Visual Studio\C++\PolyU-ENG2002-Mini-Project\main\Calender\Calender\Debug\link.6428-cvtres.read.1.tlog
T:\workspace\Visual Studio\C++\PolyU-ENG2002-Mini-Project\main\Calender\Calender\Debug\link.6428-cvtres.write.1.tlog
T:\workspace\Visual Studio\C++\PolyU-ENG2002-Mini-Project\main\Calender\Calender\Debug\link.6432.read.1.tlog
T:\workspace\Visual Studio\C++\PolyU-ENG2002-Mini-Project\main\Calender\Calender\Debug\link.6432.write.1.tlog
T:\workspace\Visual Studio\C++\PolyU-ENG2002-Mini-Project\main\Calender\Calender\Debug\link.6432-cvtres.read.1.tlog
T:\workspace\Visual Studio\C++\PolyU-ENG2002-Mini-Project\main\Calender\Calender\Debug\link.6432-cvtres.write.1.tlog
T:\workspace\Visual Studio\C++\PolyU-ENG2002-Mini-Project\main\Calender\Calender\Debug\link.6440.read.1.tlog
T:\workspace\Visual Studio\C++\PolyU-ENG2002-Mini-Project\main\Calender\Calender\Debug\link.6440.write.1.tlog
T:\workspace\Visual Studio\C++\PolyU-ENG2002-Mini-Project\main\Calender\Calender\Debug\link.6440-cvtres.read.1.tlog
T:\workspace\Visual Studio\C++\PolyU-ENG2002-Mini-Project\main\Calender\Calender\Debug\link.6440-cvtres.write.1.tlog
T:\workspace\Visual Studio\C++\PolyU-ENG2002-Mini-Project\main\Calender\Calender\Debug\link.6528.read.1.tlog
T:\workspace\Visual Studio\C++\PolyU-ENG2002-Mini-Project\main\Calender\Calender\Debug\link.6528.write.1.tlog
T:\workspace\Visual Studio\C++\PolyU-ENG2002-Mini-Project\main\Calender\Calender\Debug\link.6528-cvtres.read.1.tlog
T:\workspace\Visual Studio\C++\PolyU-ENG2002-Mini-Project\main\Calender\Calender\Debug\link.6528-cvtres.write.1.tlog
T:\workspace\Visual Studio\C++\PolyU-ENG2002-Mini-Project\main\Calender\Calender\Debug\link.6536.read.1.tlog
T:\workspace\Visual Studio\C++\PolyU-ENG2002-Mini-Project\main\Calender\Calender\Debug\link.6536.write.1.tlog
T:\workspace\Visual Studio\C++\PolyU-ENG2002-Mini-Project\main\Calender\Calender\Debug\link.6536-cvtres.read.1.tlog
T:\workspace\Visual Studio\C++\PolyU-ENG2002-Mini-Project\main\Calender\Calender\Debug\link.6536-cvtres.write.1.tlog
T:\workspace\Visual Studio\C++\PolyU-ENG2002-Mini-Project\main\Calender\Calender\Debug\link.6544.read.1.tlog
T:\workspace\Visual Studio\C++\PolyU-ENG2002-Mini-Project\main\Calender\Calender\Debug\link.6544.write.1.tlog
T:\workspace\Visual Studio\C++\PolyU-ENG2002-Mini-Project\main\Calender\Calender\Debug\link.6544-cvtres.read.1.tlog
T:\workspace\Visual Studio\C++\PolyU-ENG2002-Mini-Project\main\Calender\Calender\Debug\link.6544-cvtres.write.1.tlog
T:\workspace\Visual Studio\C++\PolyU-ENG2002-Mini-Project\main\Calender\Calender\Debug\link.6588.read.1.tlog
T:\workspace\Visual Studio\C++\PolyU-ENG2002-Mini-Project\main\Calender\Calender\Debug\link.6588.write.1.tlog
T:\workspace\Visual Studio\C++\PolyU-ENG2002-Mini-Project\main\Calender\Calender\Debug\link.6588-cvtres.read.1.tlog
T:\workspace\Visual Studio\C++\PolyU-ENG2002-Mini-Project\main\Calender\Calender\Debug\link.6588-cvtres.write.1.tlog
T:\workspace\Visual Studio\C++\PolyU-ENG2002-Mini-Project\main\Calender\Calender\Debug\link.6636.read.1.tlog
T:\workspace\Visual Studio\C++\PolyU-ENG2002-Mini-Project\main\Calender\Calender\Debug\link.6636.write.1.tlog
T:\workspace\Visual Studio\C++\PolyU-ENG2002-Mini-Project\main\Calender\Calender\Debug\link.6636-cvtres.read.1.tlog
T:\workspace\Visual Studio\C++\PolyU-ENG2002-Mini-Project\main\Calender\Calender\Debug\link.6636-cvtres.write.1.tlog
T:\workspace\Visual Studio\C++\PolyU-ENG2002-Mini-Project\main\Calender\Calender\Debug\link.6644.read.1.tlog
T:\workspace\Visual Studio\C++\PolyU-ENG2002-Mini-Project\main\Calender\Calender\Debug\link.6644.write.1.tlog
T:\workspace\Visual Studio\C++\PolyU-ENG2002-Mini-Project\main\Calender\Calender\Debug\link.6644-cvtres.read.1.tlog
T:\workspace\Visual Studio\C++\PolyU-ENG2002-Mini-Project\main\Calender\Calender\Debug\link.6644-cvtres.write.1.tlog
T:\workspace\Visual Studio\C++\PolyU-ENG2002-Mini-Project\main\Calender\Calender\Debug\link.6652.read.1.tlog
T:\workspace\Visual Studio\C++\PolyU-ENG2002-Mini-Project\main\Calender\Calender\Debug\link.6652.write.1.tlog
T:\workspace\Visual Studio\C++\PolyU-ENG2002-Mini-Project\main\Calender\Calender\Debug\link.6652-cvtres.read.1.tlog
T:\workspace\Visual Studio\C++\PolyU-ENG2002-Mini-Project\main\Calender\Calender\Debug\link.6652-cvtres.write.1.tlog
T:\workspace\Visual Studio\C++\PolyU-ENG2002-Mini-Project\main\Calender\Calender\Debug\link.6676.read.1.tlog
T:\workspace\Visual Studio\C++\PolyU-ENG2002-Mini-Project\main\Calender\Calender\Debug\link.6676.write.1.tlog
T:\workspace\Visual Studio\C++\PolyU-ENG2002-Mini-Project\main\Calender\Calender\Debug\link.6676-cvtres.read.1.tlog
T:\workspace\Visual Studio\C++\PolyU-ENG2002-Mini-Project\main\Calender\Calender\Debug\link.6676-cvtres.write.1.tlog
T:\workspace\Visual Studio\C++\PolyU-ENG2002-Mini-Project\main\Calender\Calender\Debug\link.6752.read.1.tlog
T:\workspace\Visual Studio\C++\PolyU-ENG2002-Mini-Project\main\Calender\Calender\Debug\link.6752.write.1.tlog
T:\workspace\Visual Studio\C++\PolyU-ENG2002-Mini-Project\main\Calender\Calender\Debug\link.6752-cvtres.read.1.tlog
T:\workspace\Visual Studio\C++\PolyU-ENG2002-Mini-Project\main\Calender\Calender\Debug\link.6752-cvtres.write.1.tlog
T:\workspace\Visual Studio\C++\PolyU-ENG2002-Mini-Project\main\Calender\Calender\Debug\link.6792.read.1.tlog
T:\workspace\Visual Studio\C++\PolyU-ENG2002-Mini-Project\main\Calender\Calender\Debug\link.6792.write.1.tlog
T:\workspace\Visual Studio\C++\PolyU-ENG2002-Mini-Project\main\Calender\Calender\Debug\link.6792-cvtres.read.1.tlog
T:\workspace\Visual Studio\C++\PolyU-ENG2002-Mini-Project\main\Calender\Calender\Debug\link.6792-cvtres.write.1.tlog
T:\workspace\Visual Studio\C++\PolyU-ENG2002-Mini-Project\main\Calender\Calender\Debug\link.6840.read.1.tlog
T:\workspace\Visual Studio\C++\PolyU-ENG2002-Mini-Project\main\Calender\Calender\Debug\link.6840.write.1.tlog
T:\workspace\Visual Studio\C++\PolyU-ENG2002-Mini-Project\main\Calender\Calender\Debug\link.6840-cvtres.read.1.tlog
T:\workspace\Visual Studio\C++\PolyU-ENG2002-Mini-Project\main\Calender\Calender\Debug\link.6840-cvtres.write.1.tlog
T:\workspace\Visual Studio\C++\PolyU-ENG2002-Mini-Project\main\Calender\Calender\Debug\link.688.read.1.tlog
T:\workspace\Visual Studio\C++\PolyU-ENG2002-Mini-Project\main\Calender\Calender\Debug\link.688.write.1.tlog
T:\workspace\Visual Studio\C++\PolyU-ENG2002-Mini-Project\main\Calender\Calender\Debug\link.6888.read.1.tlog
T:\workspace\Visual Studio\C++\PolyU-ENG2002-Mini-Project\main\Calender\Calender\Debug\link.6888.write.1.tlog
T:\workspace\Visual Studio\C++\PolyU-ENG2002-Mini-Project\main\Calender\Calender\Debug\link.6888-cvtres.read.1.tlog
T:\workspace\Visual Studio\C++\PolyU-ENG2002-Mini-Project\main\Calender\Calender\Debug\link.6888-cvtres.write.1.tlog
T:\workspace\Visual Studio\C++\PolyU-ENG2002-Mini-Project\main\Calender\Calender\Debug\link.688-cvtres.read.1.tlog
T:\workspace\Visual Studio\C++\PolyU-ENG2002-Mini-Project\main\Calender\Calender\Debug\link.688-cvtres.write.1.tlog
T:\workspace\Visual Studio\C++\PolyU-ENG2002-Mini-Project\main\Calender\Calender\Debug\link.6924.read.1.tlog
T:\workspace\Visual Studio\C++\PolyU-ENG2002-Mini-Project\main\Calender\Calender\Debug\link.6924.write.1.tlog
T:\workspace\Visual Studio\C++\PolyU-ENG2002-Mini-Project\main\Calender\Calender\Debug\link.6924-cvtres.read.1.tlog
T:\workspace\Visual Studio\C++\PolyU-ENG2002-Mini-Project\main\Calender\Calender\Debug\link.6924-cvtres.write.1.tlog
T:\workspace\Visual Studio\C++\PolyU-ENG2002-Mini-Project\main\Calender\Calender\Debug\link.6984.read.1.tlog
T:\workspace\Visual Studio\C++\PolyU-ENG2002-Mini-Project\main\Calender\Calender\Debug\link.6984.write.1.tlog
T:\workspace\Visual Studio\C++\PolyU-ENG2002-Mini-Project\main\Calender\Calender\Debug\link.6984-cvtres.read.1.tlog
T:\workspace\Visual Studio\C++\PolyU-ENG2002-Mini-Project\main\Calender\Calender\Debug\link.6984-cvtres.write.1.tlog
T:\workspace\Visual Studio\C++\PolyU-ENG2002-Mini-Project\main\Calender\Calender\Debug\link.6988.read.1.tlog
T:\workspace\Visual Studio\C++\PolyU-ENG2002-Mini-Project\main\Calender\Calender\Debug\link.6988.write.1.tlog
T:\workspace\Visual Studio\C++\PolyU-ENG2002-Mini-Project\main\Calender\Calender\Debug\link.6988-cvtres.read.1.tlog
T:\workspace\Visual Studio\C++\PolyU-ENG2002-Mini-Project\main\Calender\Calender\Debug\link.6988-cvtres.write.1.tlog
T:\workspace\Visual Studio\C++\PolyU-ENG2002-Mini-Project\main\Calender\Calender\Debug\link.7000.read.1.tlog
T:\workspace\Visual Studio\C++\PolyU-ENG2002-Mini-Project\main\Calender\Calender\Debug\link.7000.write.1.tlog
T:\workspace\Visual Studio\C++\PolyU-ENG2002-Mini-Project\main\Calender\Calender\Debug\link.7000-cvtres.read.1.tlog
T:\workspace\Visual Studio\C++\PolyU-ENG2002-Mini-Project\main\Calender\Calender\Debug\link.7000-cvtres.write.1.tlog
T:\workspace\Visual Studio\C++\PolyU-ENG2002-Mini-Project\main\Calender\Calender\Debug\link.7020.read.1.tlog
T:\workspace\Visual Studio\C++\PolyU-ENG2002-Mini-Project\main\Calender\Calender\Debug\link.7020.write.1.tlog
T:\workspace\Visual Studio\C++\PolyU-ENG2002-Mini-Project\main\Calender\Calender\Debug\link.7020-cvtres.read.1.tlog
T:\workspace\Visual Studio\C++\PolyU-ENG2002-Mini-Project\main\Calender\Calender\Debug\link.7020-cvtres.write.1.tlog
T:\workspace\Visual Studio\C++\PolyU-ENG2002-Mini-Project\main\Calender\Calender\Debug\link.7068.read.1.tlog
T:\workspace\Visual Studio\C++\PolyU-ENG2002-Mini-Project\main\Calender\Calender\Debug\link.7068.write.1.tlog
T:\workspace\Visual Studio\C++\PolyU-ENG2002-Mini-Project\main\Calender\Calender\Debug\link.7068-cvtres.read.1.tlog
T:\workspace\Visual Studio\C++\PolyU-ENG2002-Mini-Project\main\Calender\Calender\Debug\link.7068-cvtres.write.1.tlog
T:\workspace\Visual Studio\C++\PolyU-ENG2002-Mini-Project\main\Calender\Calender\Debug\link.7108.read.1.tlog
T:\workspace\Visual Studio\C++\PolyU-ENG2002-Mini-Project\main\Calender\Calender\Debug\link.7108.write.1.tlog
T:\workspace\Visual Studio\C++\PolyU-ENG2002-Mini-Project\main\Calender\Calender\Debug\link.7108-cvtres.read.1.tlog
T:\workspace\Visual Studio\C++\PolyU-ENG2002-Mini-Project\main\Calender\Calender\Debug\link.7108-cvtres.write.1.tlog
T:\workspace\Visual Studio\C++\PolyU-ENG2002-Mini-Project\main\Calender\Calender\Debug\link.7128.read.1.tlog
T:\workspace\Visual Studio\C++\PolyU-ENG2002-Mini-Project\main\Calender\Calender\Debug\link.7128.write.1.tlog
T:\workspace\Visual Studio\C++\PolyU-ENG2002-Mini-Project\main\Calender\Calender\Debug\link.7128-cvtres.read.1.tlog
T:\workspace\Visual Studio\C++\PolyU-ENG2002-Mini-Project\main\Calender\Calender\Debug\link.7128-cvtres.write.1.tlog
T:\workspace\Visual Studio\C++\PolyU-ENG2002-Mini-Project\main\Calender\Calender\Debug\link.776.read.1.tlog
T:\workspace\Visual Studio\C++\PolyU-ENG2002-Mini-Project\main\Calender\Calender\Debug\link.776.write.1.tlog
T:\workspace\Visual Studio\C++\PolyU-ENG2002-Mini-Project\main\Calender\Calender\Debug\link.776-cvtres.read.1.tlog
T:\workspace\Visual Studio\C++\PolyU-ENG2002-Mini-Project\main\Calender\Calender\Debug\link.776-cvtres.write.1.tlog
T:\workspace\Visual Studio\C++\PolyU-ENG2002-Mini-Project\main\Calender\Calender\Debug\link.820.read.1.tlog
T:\workspace\Visual Studio\C++\PolyU-ENG2002-Mini-Project\main\Calender\Calender\Debug\link.820.write.1.tlog
T:\workspace\Visual Studio\C++\PolyU-ENG2002-Mini-Project\main\Calender\Calender\Debug\link.820-cvtres.read.1.tlog
T:\workspace\Visual Studio\C++\PolyU-ENG2002-Mini-Project\main\Calender\Calender\Debug\link.820-cvtres.write.1.tlog
T:\workspace\Visual Studio\C++\PolyU-ENG2002-Mini-Project\main\Calender\Calender\Debug\link.852.read.1.tlog
T:\workspace\Visual Studio\C++\PolyU-ENG2002-Mini-Project\main\Calender\Calender\Debug\link.852.write.1.tlog
T:\workspace\Visual Studio\C++\PolyU-ENG2002-Mini-Project\main\Calender\Calender\Debug\link.852-cvtres.read.1.tlog
T:\workspace\Visual Studio\C++\PolyU-ENG2002-Mini-Project\main\Calender\Calender\Debug\link.852-cvtres.write.1.tlog
T:\workspace\Visual Studio\C++\PolyU-ENG2002-Mini-Project\main\Calender\Calender\Debug\link.900.read.1.tlog
T:\workspace\Visual Studio\C++\PolyU-ENG2002-Mini-Project\main\Calender\Calender\Debug\link.900.write.1.tlog
T:\workspace\Visual Studio\C++\PolyU-ENG2002-Mini-Project\main\Calender\Calender\Debug\link.900-cvtres.read.1.tlog
T:\workspace\Visual Studio\C++\PolyU-ENG2002-Mini-Project\main\Calender\Calender\Debug\link.900-cvtres.write.1.tlog
T:\workspace\Visual Studio\C++\PolyU-ENG2002-Mini-Project\main\Calender\Calender\Debug\link.996.read.1.tlog
T:\workspace\Visual Studio\C++\PolyU-ENG2002-Mini-Project\main\Calender\Calender\Debug\link.996.write.1.tlog
T:\workspace\Visual Studio\C++\PolyU-ENG2002-Mini-Project\main\Calender\Calender\Debug\link.996-cvtres.read.1.tlog
T:\workspace\Visual Studio\C++\PolyU-ENG2002-Mini-Project\main\Calender\Calender\Debug\link.996-cvtres.write.1.tlog
T:\workspace\Visual Studio\C++\PolyU-ENG2002-Mini-Project\main\Calender\Calender\Debug\link.command.1.tlog
T:\workspace\Visual Studio\C++\PolyU-ENG2002-Mini-Project\main\Calender\Calender\Debug\link.read.1.tlog
T:\workspace\Visual Studio\C++\PolyU-ENG2002-Mini-Project\main\Calender\Calender\Debug\link.write.1.tlog
T:\WORKSPACE\VISUAL STUDIO\C++\POLYU-ENG2002-MINI-PROJECT\MAIN\CALENDER\CALENDER\DEBUG\LOGIN_FORM.OBJ
T:\workspace\Visual Studio\C++\PolyU-ENG2002-Mini-Project\main\Calender\Calender\Debug\mt.command.1.tlog
T:\workspace\Visual Studio\C++\PolyU-ENG2002-Mini-Project\main\Calender\Calender\Debug\mt.read.1.tlog
T:\workspace\Visual Studio\C++\PolyU-ENG2002-Mini-Project\main\Calender\Calender\Debug\mt.write.1.tlog
T:\workspace\Visual Studio\C++\PolyU-ENG2002-Mini-Project\main\Calender\Calender\Debug\rc.command.1.tlog
T:\workspace\Visual Studio\C++\PolyU-ENG2002-Mini-Project\main\Calender\Calender\Debug\rc.read.1.tlog
T:\workspace\Visual Studio\C++\PolyU-ENG2002-Mini-Project\main\Calender\Calender\Debug\rc.write.1.tlog
T:\WORKSPACE\VISUAL STUDIO\C++\POLYU-ENG2002-MINI-PROJECT\MAIN\CALENDER\CALENDER\DEBUG\REGISTRATION_FORM.OBJ
T:\WORKSPACE\VISUAL STUDIO\C++\POLYU-ENG2002-MINI-PROJECT\MAIN\CALENDER\CALENDER\DEBUG\STDAFX.OBJ
T:\WORKSPACE\VISUAL STUDIO\C++\POLYU-ENG2002-MINI-PROJECT\MAIN\CALENDER\CALENDER\DEBUG\VC100.PDB
T:\WORKSPACE\VISUAL STUDIO\C++\POLYU-ENG2002-MINI-PROJECT\MAIN\CALENDER\DEBUG\CALENDAR.EXE
T:\WORKSPACE\VISUAL STUDIO\C++\POLYU-ENG2002-MINI-PROJECT\MAIN\CALENDER\DEBUG\CALENDAR.ILK
T:\WORKSPACE\VISUAL STUDIO\C++\POLYU-ENG2002-MINI-PROJECT\MAIN\CALENDER\DEBUG\CALENDAR.PDB
