Build started 3/26/2014 3:25:15 AM.
     1>Project "T:\workspace\Visual Studio\C++\PolyU-ENG2002-Mini-Project\main\Calender\Calender\Calender.vcxproj" on node 2 (build target(s)).
     1>InitializeBuildStatus:
         Creating "Debug\Calender.unsuccessfulbuild" because "AlwaysCreate" was specified.
       GenerateTargetFrameworkMonikerAttribute:
       Skipping target "GenerateTargetFrameworkMonikerAttribute" because all output files are up-to-date with respect to the input files.
       ClCompile:
         All outputs are up-to-date.
         All outputs are up-to-date.
         All outputs are up-to-date.
       CoreResGen:
         No resources are out of date with respect to their source files. Skipping resource generation.
       ResourceCompile:
         All outputs are up-to-date.
       Link:
         All outputs are up-to-date.
         Calender.vcxproj -> T:\workspace\Visual Studio\C++\PolyU-ENG2002-Mini-Project\main\Calender\Debug\Calender.exe
       FinalizeBuildStatus:
         Deleting file "Debug\Calender.unsuccessfulbuild".
         Touching "Debug\Calender.lastbuildstate".
     1>Done Building Project "T:\workspace\Visual Studio\C++\PolyU-ENG2002-Mini-Project\main\Calender\Calender\Calender.vcxproj" (build target(s)).

Build succeeded.

Time Elapsed 00:00:07.39
